#
# There is insufficient memory for the Java Runtime Environment to continue.
# Native memory allocation (malloc) failed to allocate 32744 bytes for Chunk::new
# Possible reasons:
#   The system is out of physical RAM or swap space
#   The process is running with CompressedOops enabled, and the Java Heap may be blocking the growth of the native heap
# Possible solutions:
#   Reduce memory load on the system
#   Increase physical memory or swap space
#   Check if swap backing store is full
#   Decrease Java heap size (-Xmx/-Xms)
#   Decrease number of Java threads
#   Decrease Java thread stack sizes (-Xss)
#   Set larger code cache with -XX:ReservedCodeCacheSize=
#   JVM is running with Unscaled Compressed Oops mode in which the Java heap is
#     placed in the first 4GB address space. The Java Heap base address is the
#     maximum limit for the native heap growth. Please use -XX:HeapBaseMinAddress
#     to set the Java Heap base and to place the Java Heap above 4GB virtual address.
# This output file may be truncated or incomplete.
#
#  Out of Memory Error (arena.cpp:184), pid=27908, tid=18204
#
# JRE version: OpenJDK Runtime Environment (20.0.2+9) (build 20.0.2+9-78)
# Java VM: OpenJDK 64-Bit Server VM (20.0.2+9-78, mixed mode, sharing, tiered, compressed oops, compressed class ptrs, g1 gc, windows-amd64)
# No core dump will be written. Minidumps are not enabled by default on client versions of Windows
#

---------------  S U M M A R Y ------------

Command Line: -javaagent:C:\Program Files\JetBrains\IntelliJ IDEA 2023.2.1\lib\idea_rt.jar=51757:C:\Program Files\JetBrains\IntelliJ IDEA 2023.2.1\bin -Dfile.encoding=UTF-8 -Dsun.stdout.encoding=UTF-8 -Dsun.stderr.encoding=UTF-8 com.acxiom.CallSentimentsAnalyticsApplication

Host: 11th Gen Intel(R) Core(TM) i5-1135G7 @ 2.40GHz, 8 cores, 7G,  Windows 11 , 64 bit Build 22621 (10.0.22621.3958)
Time: Wed Aug  7 15:06:03 2024 India Standard Time elapsed time: 1463.184709 seconds (0d 0h 24m 23s)

---------------  T H R E A D  ---------------

Current thread (0x000001dbd7080450):  JavaThread "C2 CompilerThread0" daemon [_thread_in_native, id=18204, stack(0x0000006ce2300000,0x0000006ce2400000)]


Current CompileTask:
C2:1463184 7352       4       sun.invoke.util.VerifyAccess::isTypeVisible (118 bytes)

Stack: [0x0000006ce2300000,0x0000006ce2400000]
Native frames: (J=compiled Java code, j=interpreted, Vv=VM code, C=native code)
V  [jvm.dll+0x6bc25a]
V  [jvm.dll+0x84971a]
V  [jvm.dll+0x84b315]
V  [jvm.dll+0x84ba13]
V  [jvm.dll+0x280e4f]
V  [jvm.dll+0xc2ab1]
V  [jvm.dll+0xc2dd5]
V  [jvm.dll+0x6e5530]
V  [jvm.dll+0x1e71d6]
V  [jvm.dll+0x24b67b]
V  [jvm.dll+0x24a921]
V  [jvm.dll+0x1ce761]
V  [jvm.dll+0x25a0eb]
V  [jvm.dll+0x2587c0]
V  [jvm.dll+0x3f2dd5]
V  [jvm.dll+0x7f5c76]
V  [jvm.dll+0x6baecb]
C  [ucrtbase.dll+0x29333]
C  [KERNEL32.DLL+0x1257d]
C  [ntdll.dll+0x5af28]


---------------  P R O C E S S  ---------------

Threads class SMR info:
_java_thread_list=0x000001dc1eaa9f60, length=31, elements={
0x000001dbd7076400, 0x000001dbd7077000, 0x000001dbd7077f90, 0x000001dbd7079dd0,
0x000001dbd707a990, 0x000001dbd707b2d0, 0x000001dbd7080450, 0x000001dbd708ce00,
0x000001dbd703f890, 0x000001dc1c976fa0, 0x000001dc1c9774f0, 0x000001dc1d355f40,
0x000001dc1d356490, 0x000001dc1d3554a0, 0x000001dc1d352f70, 0x000001dc1d353f60,
0x000001dc1d3559f0, 0x000001dc1d354f50, 0x000001dc1d354a00, 0x000001dc20337590,
0x000001dc20337040, 0x000001dc20337ae0, 0x000001dc203365a0, 0x000001dc20335060,
0x000001dc20335b00, 0x000001dc20336050, 0x000001dc20336af0, 0x000001dc20338580,
0x000001dc20338030, 0x000001dc203355b0, 0x000001dc20698210
}

Java Threads: ( => current thread )
  0x000001dbd7076400 JavaThread "Reference Handler" daemon [_thread_blocked, id=28264, stack(0x0000006ce1d00000,0x0000006ce1e00000)]
  0x000001dbd7077000 JavaThread "Finalizer" daemon [_thread_blocked, id=9568, stack(0x0000006ce1e00000,0x0000006ce1f00000)]
  0x000001dbd7077f90 JavaThread "Signal Dispatcher" daemon [_thread_blocked, id=11032, stack(0x0000006ce1f00000,0x0000006ce2000000)]
  0x000001dbd7079dd0 JavaThread "Attach Listener" daemon [_thread_blocked, id=29216, stack(0x0000006ce2000000,0x0000006ce2100000)]
  0x000001dbd707a990 JavaThread "Service Thread" daemon [_thread_blocked, id=19100, stack(0x0000006ce2100000,0x0000006ce2200000)]
  0x000001dbd707b2d0 JavaThread "Monitor Deflation Thread" daemon [_thread_blocked, id=28860, stack(0x0000006ce2200000,0x0000006ce2300000)]
=>0x000001dbd7080450 JavaThread "C2 CompilerThread0" daemon [_thread_in_native, id=18204, stack(0x0000006ce2300000,0x0000006ce2400000)]
  0x000001dbd708ce00 JavaThread "C1 CompilerThread0" daemon [_thread_blocked, id=19552, stack(0x0000006ce2400000,0x0000006ce2500000)]
  0x000001dbd703f890 JavaThread "Common-Cleaner" daemon [_thread_blocked, id=31596, stack(0x0000006ce2500000,0x0000006ce2600000)]
  0x000001dc1c976fa0 JavaThread "Monitor Ctrl-Break" daemon [_thread_in_native, id=18056, stack(0x0000006ce2600000,0x0000006ce2700000)]
  0x000001dc1c9774f0 JavaThread "Notification Thread" daemon [_thread_blocked, id=20216, stack(0x0000006ce2700000,0x0000006ce2800000)]
  0x000001dc1d355f40 JavaThread "mysql-cj-abandoned-connection-cleanup" daemon [_thread_blocked, id=12716, stack(0x0000006ce3400000,0x0000006ce3500000)]
  0x000001dc1d356490 JavaThread "HikariPool-1 housekeeper" daemon [_thread_blocked, id=13368, stack(0x0000006ce3600000,0x0000006ce3700000)]
  0x000001dc1d3554a0 JavaThread "Catalina-utility-1" [_thread_blocked, id=30328, stack(0x0000006ce3900000,0x0000006ce3a00000)]
  0x000001dc1d352f70 JavaThread "Catalina-utility-2" [_thread_blocked, id=14464, stack(0x0000006ce3a00000,0x0000006ce3b00000)]
  0x000001dc1d353f60 JavaThread "container-0" [_thread_blocked, id=19608, stack(0x0000006ce3b00000,0x0000006ce3c00000)]
  0x000001dc1d3559f0 JavaThread "File Watcher" daemon [_thread_in_Java, id=27396, stack(0x0000006ce3c00000,0x0000006ce3d00000)]
  0x000001dc1d354f50 JavaThread "Live Reload Server" daemon [_thread_in_native, id=22504, stack(0x0000006ce3e00000,0x0000006ce3f00000)]
  0x000001dc1d354a00 JavaThread "http-nio-8089-exec-1" daemon [_thread_blocked, id=27036, stack(0x0000006ce3d00000,0x0000006ce3e00000)]
  0x000001dc20337590 JavaThread "http-nio-8089-exec-2" daemon [_thread_blocked, id=28104, stack(0x0000006ce3f00000,0x0000006ce4000000)]
  0x000001dc20337040 JavaThread "http-nio-8089-exec-3" daemon [_thread_blocked, id=19760, stack(0x0000006ce4000000,0x0000006ce4100000)]
  0x000001dc20337ae0 JavaThread "http-nio-8089-exec-4" daemon [_thread_blocked, id=22228, stack(0x0000006ce4100000,0x0000006ce4200000)]
  0x000001dc203365a0 JavaThread "http-nio-8089-exec-5" daemon [_thread_blocked, id=6236, stack(0x0000006ce4200000,0x0000006ce4300000)]
  0x000001dc20335060 JavaThread "http-nio-8089-exec-6" daemon [_thread_blocked, id=22952, stack(0x0000006ce4300000,0x0000006ce4400000)]
  0x000001dc20335b00 JavaThread "http-nio-8089-exec-7" daemon [_thread_blocked, id=10084, stack(0x0000006ce4400000,0x0000006ce4500000)]
  0x000001dc20336050 JavaThread "http-nio-8089-exec-8" daemon [_thread_blocked, id=16488, stack(0x0000006ce4500000,0x0000006ce4600000)]
  0x000001dc20336af0 JavaThread "http-nio-8089-exec-9" daemon [_thread_blocked, id=12400, stack(0x0000006ce4600000,0x0000006ce4700000)]
  0x000001dc20338580 JavaThread "http-nio-8089-exec-10" daemon [_thread_blocked, id=28744, stack(0x0000006ce4700000,0x0000006ce4800000)]
  0x000001dc20338030 JavaThread "http-nio-8089-Poller" daemon [_thread_in_native, id=12188, stack(0x0000006ce4800000,0x0000006ce4900000)]
  0x000001dc203355b0 JavaThread "http-nio-8089-Acceptor" daemon [_thread_in_native, id=6384, stack(0x0000006ce4900000,0x0000006ce4a00000)]
  0x000001dc20698210 JavaThread "DestroyJavaVM" [_thread_blocked, id=15936, stack(0x0000006ce1600000,0x0000006ce1700000)]

Other Threads:
  0x000001dbd7058e40 VMThread "VM Thread" [stack: 0x0000006ce1c00000,0x0000006ce1d00000] [id=14072]
  0x000001dbb882e8d0 WatcherThread "VM Periodic Task Thread" [stack: 0x0000006ce2800000,0x0000006ce2900000] [id=18216]
  0x000001dbb888ae10 WorkerThread "GC Thread#0" [stack: 0x0000006ce1700000,0x0000006ce1800000] [id=30624]
  0x000001dc1d051650 WorkerThread "GC Thread#1" [stack: 0x0000006ce2b00000,0x0000006ce2c00000] [id=1888]
  0x000001dc1cff12d0 WorkerThread "GC Thread#2" [stack: 0x0000006ce2c00000,0x0000006ce2d00000] [id=25684]
  0x000001dc1d05aab0 WorkerThread "GC Thread#3" [stack: 0x0000006ce2d00000,0x0000006ce2e00000] [id=21704]
  0x000001dc1d05b5f0 WorkerThread "GC Thread#4" [stack: 0x0000006ce2e00000,0x0000006ce2f00000] [id=8852]
  0x000001dc1d05a510 WorkerThread "GC Thread#5" [stack: 0x0000006ce2f00000,0x0000006ce3000000] [id=2452]
  0x000001dc1d05be60 WorkerThread "GC Thread#6" [stack: 0x0000006ce3000000,0x0000006ce3100000] [id=20496]
  0x000001dc1d05b050 WorkerThread "GC Thread#7" [stack: 0x0000006ce3100000,0x0000006ce3200000] [id=16424]
  0x000001dbb889bba0 ConcurrentGCThread "G1 Main Marker" [stack: 0x0000006ce1800000,0x0000006ce1900000] [id=20824]
  0x000001dbb889c4e0 WorkerThread "G1 Conc#0" [stack: 0x0000006ce1900000,0x0000006ce1a00000] [id=3012]
  0x000001dc1d05a240 WorkerThread "G1 Conc#1" [stack: 0x0000006ce3300000,0x0000006ce3400000] [id=30656]
  0x000001dbb88dec50 ConcurrentGCThread "G1 Refine#0" [stack: 0x0000006ce1a00000,0x0000006ce1b00000] [id=11780]
  0x000001dbd6f147c0 ConcurrentGCThread "G1 Service" [stack: 0x0000006ce1b00000,0x0000006ce1c00000] [id=21840]

Threads with active compile tasks:
C2 CompilerThread0  1463328 7352       4       sun.invoke.util.VerifyAccess::isTypeVisible (118 bytes)
C1 CompilerThread0  1463328 7355       3       java.util.Calendar::checkDisplayNameParams (67 bytes)

VM state: not at safepoint (normal execution)

VM Mutex/Monitor currently owned by a thread: None

Heap address: 0x0000000084200000, size: 1982 MB, Compressed Oops mode: 32-bit

CDS archive(s) mapped at: [0x000001dbd7400000-0x000001dbd8060000-0x000001dbd8060000), size 12976128, SharedBaseAddress: 0x000001dbd7400000, ArchiveRelocationMode: 1.
Compressed class space mapped at: 0x000001dbd8400000-0x000001dc18400000, reserved size: 1073741824
Narrow klass base: 0x000001dbd7400000, Narrow klass shift: 0, Narrow klass range: 0x100000000

GC Precious Log:
 CardTable entry size: 512
 Card Set container configuration: InlinePtr #cards 5 size 8 Array Of Cards #cards 12 size 40 Howl #buckets 4 coarsen threshold 1843 Howl Bitmap #cards 512 size 80 coarsen threshold 460 Card regions per heap region 1 cards per card region 2048
 CPUs: 8 total, 8 available
 Memory: 7926M
 Large Page Support: Disabled
 NUMA Support: Disabled
 Compressed Oops: Enabled (32-bit)
 Heap Region Size: 1M
 Heap Min Capacity: 8M
 Heap Initial Capacity: 124M
 Heap Max Capacity: 1982M
 Pre-touch: Disabled
 Parallel Workers: 8
 Concurrent Workers: 2
 Concurrent Refinement Workers: 8
 Periodic GC: Disabled

Heap:
 garbage-first heap   total 53248K, used 34967K [0x0000000084200000, 0x0000000100000000)
  region size 1024K, 7 young (7168K), 1 survivors (1024K)
 Metaspace       used 64101K, committed 64640K, reserved 1114112K
  class space    used 8258K, committed 8512K, reserved 1048576K

Heap Regions: E=young(eden), S=young(survivor), O=old, HS=humongous(starts), HC=humongous(continues), CS=collection set, F=free, OA=open archive, CA=closed archive, TAMS=top-at-mark-start, PB=parsable bottom
|   0|0x0000000084200000, 0x0000000084300000, 0x0000000084300000|100%|HS|  |TAMS 0x0000000084200000| PB 0x0000000084200000| Complete 
|   1|0x0000000084300000, 0x0000000084400000, 0x0000000084400000|100%| O|  |TAMS 0x0000000084300000| PB 0x0000000084300000| Untracked 
|   2|0x0000000084400000, 0x0000000084500000, 0x0000000084500000|100%| O|  |TAMS 0x0000000084400000| PB 0x0000000084400000| Untracked 
|   3|0x0000000084500000, 0x0000000084600000, 0x0000000084600000|100%| O|  |TAMS 0x0000000084500000| PB 0x0000000084500000| Untracked 
|   4|0x0000000084600000, 0x0000000084700000, 0x0000000084700000|100%| O|  |TAMS 0x0000000084600000| PB 0x0000000084600000| Untracked 
|   5|0x0000000084700000, 0x0000000084800000, 0x0000000084800000|100%| O|  |TAMS 0x0000000084700000| PB 0x0000000084700000| Untracked 
|   6|0x0000000084800000, 0x0000000084900000, 0x0000000084900000|100%| O|  |TAMS 0x0000000084800000| PB 0x0000000084800000| Untracked 
|   7|0x0000000084900000, 0x0000000084a00000, 0x0000000084a00000|100%| O|  |TAMS 0x0000000084900000| PB 0x0000000084900000| Untracked 
|   8|0x0000000084a00000, 0x0000000084b00000, 0x0000000084b00000|100%| O|  |TAMS 0x0000000084a00000| PB 0x0000000084a00000| Untracked 
|   9|0x0000000084b00000, 0x0000000084c00000, 0x0000000084c00000|100%| O|  |TAMS 0x0000000084b00000| PB 0x0000000084b00000| Untracked 
|  10|0x0000000084c00000, 0x0000000084d00000, 0x0000000084d00000|100%| O|  |TAMS 0x0000000084c00000| PB 0x0000000084c00000| Untracked 
|  11|0x0000000084d00000, 0x0000000084e00000, 0x0000000084e00000|100%| O|  |TAMS 0x0000000084d00000| PB 0x0000000084d00000| Untracked 
|  12|0x0000000084e00000, 0x0000000084f00000, 0x0000000084f00000|100%| O|  |TAMS 0x0000000084e00000| PB 0x0000000084e00000| Untracked 
|  13|0x0000000084f00000, 0x0000000085000000, 0x0000000085000000|100%| O|  |TAMS 0x0000000084f00000| PB 0x0000000084f00000| Untracked 
|  14|0x0000000085000000, 0x0000000085100000, 0x0000000085100000|100%| O|  |TAMS 0x0000000085000000| PB 0x0000000085000000| Untracked 
|  15|0x0000000085100000, 0x0000000085200000, 0x0000000085200000|100%| O|  |TAMS 0x0000000085100000| PB 0x0000000085100000| Untracked 
|  16|0x0000000085200000, 0x0000000085300000, 0x0000000085300000|100%| O|  |TAMS 0x0000000085200000| PB 0x0000000085200000| Untracked 
|  17|0x0000000085300000, 0x0000000085400000, 0x0000000085400000|100%| O|  |TAMS 0x0000000085300000| PB 0x0000000085300000| Untracked 
|  18|0x0000000085400000, 0x0000000085500000, 0x0000000085500000|100%| O|  |TAMS 0x0000000085400000| PB 0x0000000085400000| Untracked 
|  19|0x0000000085500000, 0x0000000085600000, 0x0000000085600000|100%| O|  |TAMS 0x0000000085500000| PB 0x0000000085500000| Untracked 
|  20|0x0000000085600000, 0x0000000085700000, 0x0000000085700000|100%| O|  |TAMS 0x0000000085600000| PB 0x0000000085600000| Untracked 
|  21|0x0000000085700000, 0x0000000085800000, 0x0000000085800000|100%| O|  |TAMS 0x0000000085700000| PB 0x0000000085700000| Untracked 
|  22|0x0000000085800000, 0x0000000085900000, 0x0000000085900000|100%| O|  |TAMS 0x0000000085800000| PB 0x0000000085800000| Untracked 
|  23|0x0000000085900000, 0x0000000085900000, 0x0000000085a00000|  0%| F|  |TAMS 0x0000000085900000| PB 0x0000000085900000| Untracked 
|  24|0x0000000085a00000, 0x0000000085b00000, 0x0000000085b00000|100%| O|  |TAMS 0x0000000085a00000| PB 0x0000000085a00000| Untracked 
|  25|0x0000000085b00000, 0x0000000085c00000, 0x0000000085c00000|100%| O|  |TAMS 0x0000000085b00000| PB 0x0000000085b00000| Untracked 
|  26|0x0000000085c00000, 0x0000000085d00000, 0x0000000085d00000|100%| O|  |TAMS 0x0000000085c00000| PB 0x0000000085c00000| Untracked 
|  27|0x0000000085d00000, 0x0000000085e00000, 0x0000000085e00000|100%| O|  |TAMS 0x0000000085d00000| PB 0x0000000085d00000| Untracked 
|  28|0x0000000085e00000, 0x0000000085f00000, 0x0000000085f00000|100%| O|  |TAMS 0x0000000085e00000| PB 0x0000000085e00000| Untracked 
|  29|0x0000000085f00000, 0x0000000085fb0808, 0x0000000086000000| 68%| O|  |TAMS 0x0000000085f00000| PB 0x0000000085f00000| Untracked 
|  30|0x0000000086000000, 0x0000000086000000, 0x0000000086100000|  0%| F|  |TAMS 0x0000000086000000| PB 0x0000000086000000| Untracked 
|  31|0x0000000086100000, 0x0000000086100000, 0x0000000086200000|  0%| F|  |TAMS 0x0000000086100000| PB 0x0000000086100000| Untracked 
|  32|0x0000000086200000, 0x0000000086200000, 0x0000000086300000|  0%| F|  |TAMS 0x0000000086200000| PB 0x0000000086200000| Untracked 
|  33|0x0000000086300000, 0x0000000086300000, 0x0000000086400000|  0%| F|  |TAMS 0x0000000086300000| PB 0x0000000086300000| Untracked 
|  34|0x0000000086400000, 0x00000000864756d8, 0x0000000086500000| 45%| S|CS|TAMS 0x0000000086400000| PB 0x0000000086400000| Complete 
|  35|0x0000000086500000, 0x0000000086500000, 0x0000000086600000|  0%| F|  |TAMS 0x0000000086500000| PB 0x0000000086500000| Untracked 
|  36|0x0000000086600000, 0x0000000086600000, 0x0000000086700000|  0%| F|  |TAMS 0x0000000086600000| PB 0x0000000086600000| Untracked 
|  37|0x0000000086700000, 0x0000000086700000, 0x0000000086800000|  0%| F|  |TAMS 0x0000000086700000| PB 0x0000000086700000| Untracked 
|  38|0x0000000086800000, 0x0000000086800000, 0x0000000086900000|  0%| F|  |TAMS 0x0000000086800000| PB 0x0000000086800000| Untracked 
|  39|0x0000000086900000, 0x0000000086900000, 0x0000000086a00000|  0%| F|  |TAMS 0x0000000086900000| PB 0x0000000086900000| Untracked 
|  40|0x0000000086a00000, 0x0000000086a00000, 0x0000000086b00000|  0%| F|  |TAMS 0x0000000086a00000| PB 0x0000000086a00000| Untracked 
|  41|0x0000000086b00000, 0x0000000086b00000, 0x0000000086c00000|  0%| F|  |TAMS 0x0000000086b00000| PB 0x0000000086b00000| Untracked 
|  42|0x0000000086c00000, 0x0000000086c00000, 0x0000000086d00000|  0%| F|  |TAMS 0x0000000086c00000| PB 0x0000000086c00000| Untracked 
|  43|0x0000000086d00000, 0x0000000086d00000, 0x0000000086e00000|  0%| F|  |TAMS 0x0000000086d00000| PB 0x0000000086d00000| Untracked 
|  44|0x0000000086e00000, 0x0000000086e00000, 0x0000000086f00000|  0%| F|  |TAMS 0x0000000086e00000| PB 0x0000000086e00000| Untracked 
|  65|0x0000000088300000, 0x0000000088300000, 0x0000000088400000|  0%| F|  |TAMS 0x0000000088300000| PB 0x0000000088300000| Untracked 
|  66|0x0000000088400000, 0x0000000088440670, 0x0000000088500000| 25%| E|  |TAMS 0x0000000088400000| PB 0x0000000088400000| Complete 
|  67|0x0000000088500000, 0x0000000088600000, 0x0000000088600000|100%| E|CS|TAMS 0x0000000088500000| PB 0x0000000088500000| Complete 
|  68|0x0000000088600000, 0x0000000088700000, 0x0000000088700000|100%| E|CS|TAMS 0x0000000088600000| PB 0x0000000088600000| Complete 
|  69|0x0000000088700000, 0x0000000088800000, 0x0000000088800000|100%| E|CS|TAMS 0x0000000088700000| PB 0x0000000088700000| Complete 
|  70|0x0000000088800000, 0x0000000088900000, 0x0000000088900000|100%| E|CS|TAMS 0x0000000088800000| PB 0x0000000088800000| Complete 
| 123|0x000000008bd00000, 0x000000008be00000, 0x000000008be00000|100%| E|CS|TAMS 0x000000008bd00000| PB 0x000000008bd00000| Complete 

Card table byte_map: [0x000001dbd1f00000,0x000001dbd22e0000] _byte_map_base: 0x000001dbd1adf000

Marking Bits: (CMBitMap*) 0x000001dbb888b350
 Bits: [0x000001dbd26c0000, 0x000001dbd45b8000)

Polling page: 0x000001dbb88e0000

Metaspace:

Usage:
  Non-class:     54.53 MB used.
      Class:      8.06 MB used.
       Both:     62.60 MB used.

Virtual space:
  Non-class space:       64.00 MB reserved,      54.81 MB ( 86%) committed,  1 nodes.
      Class space:        1.00 GB reserved,       8.31 MB ( <1%) committed,  1 nodes.
             Both:        1.06 GB reserved,      63.12 MB (  6%) committed. 

Chunk freelists:
   Non-Class:  592.00 KB
       Class:  3.70 MB
        Both:  4.28 MB

MaxMetaspaceSize: unlimited
CompressedClassSpaceSize: 1.00 GB
Initial GC threshold: 21.00 MB
Current GC threshold: 105.25 MB
CDS: on
MetaspaceReclaimPolicy: balanced
 - commit_granule_bytes: 65536.
 - commit_granule_words: 8192.
 - virtual_space_node_default_size: 8388608.
 - enlarge_chunks_in_place: 1.
 - new_chunks_are_fully_committed: 0.
 - uncommit_free_chunks: 1.
 - use_allocation_guard: 0.


Internal statistics:

num_allocs_failed_limit: 9.
num_arena_births: 622.
num_arena_deaths: 2.
num_vsnodes_births: 2.
num_vsnodes_deaths: 0.
num_space_committed: 1010.
num_space_uncommitted: 0.
num_chunks_returned_to_freelist: 12.
num_chunks_taken_from_freelist: 2793.
num_chunk_merges: 9.
num_chunk_splits: 2035.
num_chunks_enlarged: 1675.
num_inconsistent_stats: 0.

CodeHeap 'non-profiled nmethods': size=120000Kb used=3828Kb max_used=4188Kb free=116171Kb
 bounds [0x000001dbc9b80000, 0x000001dbc9fa0000, 0x000001dbd10b0000]
CodeHeap 'profiled nmethods': size=120000Kb used=12343Kb max_used=13533Kb free=107656Kb
 bounds [0x000001dbc20b0000, 0x000001dbc2df0000, 0x000001dbc95e0000]
CodeHeap 'non-nmethods': size=5760Kb used=1874Kb max_used=1911Kb free=3885Kb
 bounds [0x000001dbc95e0000, 0x000001dbc9850000, 0x000001dbc9b80000]
 total_blobs=6910 nmethods=6225 adapters=594
 compilation: enabled
              stopped_count=0, restarted_count=0
 full_count=0

Compilation events (20 events):
Event: 1290.377 Thread 0x000001dbd708ce00 nmethod 7343 0x000001dbc9d81d90 code [0x000001dbc9d81f00, 0x000001dbc9d81fd0]
Event: 1387.795 Thread 0x000001dbd7080450 7344   !   4       java.util.AbstractSet::equals (45 bytes)
Event: 1387.822 Thread 0x000001dbd7080450 nmethod 7344 0x000001dbc9e4d090 code [0x000001dbc9e4d260, 0x000001dbc9e4d580]
Event: 1392.915 Thread 0x000001dbd7080450 7345       4       org.springframework.boot.devtools.filewatch.DirectorySnapshot::filter (72 bytes)
Event: 1392.940 Thread 0x000001dbd7080450 nmethod 7345 0x000001dbc9ba1810 code [0x000001dbc9ba1980, 0x000001dbc9ba1a20]
Event: 1400.484 Thread 0x000001dbd708ce00 7346       3       java.util.TreeSet::iterator (15 bytes)
Event: 1400.496 Thread 0x000001dbd708ce00 nmethod 7346 0x000001dbc2100a90 code [0x000001dbc2100c40, 0x000001dbc2100ec8]
Event: 1401.433 Thread 0x000001dbd7080450 7347       4       java.util.concurrent.ScheduledThreadPoolExecutor::canRunInCurrentRunState (61 bytes)
Event: 1401.452 Thread 0x000001dbd7080450 nmethod 7347 0x000001dbc9ba1510 code [0x000001dbc9ba1680, 0x000001dbc9ba1740]
Event: 1406.129 Thread 0x000001dbd7080450 7348       4       java.util.concurrent.ConcurrentHashMap$BaseIterator::<init> (21 bytes)
Event: 1406.157 Thread 0x000001dbd7080450 nmethod 7348 0x000001dbc9e46390 code [0x000001dbc9e46500, 0x000001dbc9e46a18]
Event: 1410.498 Thread 0x000001dbd708ce00 7349       3       java.util.TreeMap$KeySet::iterator (32 bytes)
Event: 1410.535 Thread 0x000001dbd708ce00 nmethod 7349 0x000001dbc2503610 code [0x000001dbc2503800, 0x000001dbc2503f88]
Event: 1410.535 Thread 0x000001dbd708ce00 7350       3       java.util.TreeMap::keyIterator (13 bytes)
Event: 1410.539 Thread 0x000001dbd708ce00 nmethod 7350 0x000001dbc224e810 code [0x000001dbc224e9e0, 0x000001dbc224eea8]
Event: 1420.537 Thread 0x000001dbd708ce00 7351       3       java.util.TreeMap::navigableKeySet (27 bytes)
Event: 1420.560 Thread 0x000001dbd708ce00 nmethod 7351 0x000001dbc22b4a90 code [0x000001dbc22b4c40, 0x000001dbc22b5030]
Event: 1463.021 Thread 0x000001dbd7080450 7352       4       sun.invoke.util.VerifyAccess::isTypeVisible (118 bytes)
Event: 1463.069 Thread 0x000001dbd708ce00 7353       3       java.lang.Math::multiplyExact (27 bytes)
Event: 1463.098 Thread 0x000001dbd708ce00 nmethod 7353 0x000001dbc21f9890 code [0x000001dbc21f9a20, 0x000001dbc21f9c20]

GC Heap History (20 events):
Event: 8.491 GC heap before
{Heap before GC invocations=9 (full 0):
 garbage-first heap   total 51200K, used 42893K [0x0000000084200000, 0x0000000100000000)
  region size 1024K, 25 young (25600K), 4 survivors (4096K)
 Metaspace       used 49972K, committed 50304K, reserved 1114112K
  class space    used 6505K, committed 6656K, reserved 1048576K
}
Event: 8.497 GC heap after
{Heap after GC invocations=10 (full 0):
 garbage-first heap   total 51200K, used 22237K [0x0000000084200000, 0x0000000100000000)
  region size 1024K, 2 young (2048K), 2 survivors (2048K)
 Metaspace       used 49972K, committed 50304K, reserved 1114112K
  class space    used 6505K, committed 6656K, reserved 1048576K
}
Event: 8.773 GC heap before
{Heap before GC invocations=10 (full 0):
 garbage-first heap   total 51200K, used 41693K [0x0000000084200000, 0x0000000100000000)
  region size 1024K, 22 young (22528K), 2 survivors (2048K)
 Metaspace       used 53233K, committed 53632K, reserved 1114112K
  class space    used 6943K, committed 7168K, reserved 1048576K
}
Event: 8.776 GC heap after
{Heap after GC invocations=11 (full 0):
 garbage-first heap   total 51200K, used 23546K [0x0000000084200000, 0x0000000100000000)
  region size 1024K, 3 young (3072K), 3 survivors (3072K)
 Metaspace       used 53233K, committed 53632K, reserved 1114112K
  class space    used 6943K, committed 7168K, reserved 1048576K
}
Event: 9.278 GC heap before
{Heap before GC invocations=11 (full 0):
 garbage-first heap   total 51200K, used 44026K [0x0000000084200000, 0x0000000100000000)
  region size 1024K, 23 young (23552K), 3 survivors (3072K)
 Metaspace       used 55097K, committed 55616K, reserved 1114112K
  class space    used 7184K, committed 7424K, reserved 1048576K
}
Event: 9.283 GC heap after
{Heap after GC invocations=12 (full 0):
 garbage-first heap   total 51200K, used 25155K [0x0000000084200000, 0x0000000100000000)
  region size 1024K, 3 young (3072K), 3 survivors (3072K)
 Metaspace       used 55097K, committed 55616K, reserved 1114112K
  class space    used 7184K, committed 7424K, reserved 1048576K
}
Event: 10.053 GC heap before
{Heap before GC invocations=12 (full 0):
 garbage-first heap   total 51200K, used 44611K [0x0000000084200000, 0x0000000100000000)
  region size 1024K, 22 young (22528K), 3 survivors (3072K)
 Metaspace       used 58501K, committed 58944K, reserved 1114112K
  class space    used 7582K, committed 7808K, reserved 1048576K
}
Event: 10.058 GC heap after
{Heap after GC invocations=13 (full 0):
 garbage-first heap   total 51200K, used 27030K [0x0000000084200000, 0x0000000100000000)
  region size 1024K, 2 young (2048K), 2 survivors (2048K)
 Metaspace       used 58501K, committed 58944K, reserved 1114112K
  class space    used 7582K, committed 7808K, reserved 1048576K
}
Event: 10.292 GC heap before
{Heap before GC invocations=13 (full 0):
 garbage-first heap   total 51200K, used 40342K [0x0000000084200000, 0x0000000100000000)
  region size 1024K, 16 young (16384K), 2 survivors (2048K)
 Metaspace       used 60179K, committed 60608K, reserved 1114112K
  class space    used 7809K, committed 8000K, reserved 1048576K
}
Event: 10.294 GC heap after
{Heap after GC invocations=14 (full 0):
 garbage-first heap   total 51200K, used 28475K [0x0000000084200000, 0x0000000100000000)
  region size 1024K, 2 young (2048K), 2 survivors (2048K)
 Metaspace       used 60179K, committed 60608K, reserved 1114112K
  class space    used 7809K, committed 8000K, reserved 1048576K
}
Event: 18.238 GC heap before
{Heap before GC invocations=15 (full 0):
 garbage-first heap   total 53248K, used 42811K [0x0000000084200000, 0x0000000100000000)
  region size 1024K, 17 young (17408K), 2 survivors (2048K)
 Metaspace       used 62670K, committed 63168K, reserved 1114112K
  class space    used 8154K, committed 8384K, reserved 1048576K
}
Event: 18.243 GC heap after
{Heap after GC invocations=16 (full 0):
 garbage-first heap   total 53248K, used 29932K [0x0000000084200000, 0x0000000100000000)
  region size 1024K, 3 young (3072K), 3 survivors (3072K)
 Metaspace       used 62670K, committed 63168K, reserved 1114112K
  class space    used 8154K, committed 8384K, reserved 1048576K
}
Event: 131.014 GC heap before
{Heap before GC invocations=16 (full 0):
 garbage-first heap   total 53248K, used 45292K [0x0000000084200000, 0x0000000100000000)
  region size 1024K, 18 young (18432K), 3 survivors (3072K)
 Metaspace       used 63882K, committed 64384K, reserved 1114112K
  class space    used 8247K, committed 8512K, reserved 1048576K
}
Event: 131.083 GC heap after
{Heap after GC invocations=17 (full 0):
 garbage-first heap   total 53248K, used 30132K [0x0000000084200000, 0x0000000100000000)
  region size 1024K, 3 young (3072K), 3 survivors (3072K)
 Metaspace       used 63882K, committed 64384K, reserved 1114112K
  class space    used 8247K, committed 8512K, reserved 1048576K
}
Event: 425.225 GC heap before
{Heap before GC invocations=17 (full 0):
 garbage-first heap   total 53248K, used 44468K [0x0000000084200000, 0x0000000100000000)
  region size 1024K, 17 young (17408K), 3 survivors (3072K)
 Metaspace       used 64067K, committed 64640K, reserved 1114112K
  class space    used 8255K, committed 8512K, reserved 1048576K
}
Event: 425.266 GC heap after
{Heap after GC invocations=18 (full 0):
 garbage-first heap   total 53248K, used 30311K [0x0000000084200000, 0x0000000100000000)
  region size 1024K, 1 young (1024K), 1 survivors (1024K)
 Metaspace       used 64067K, committed 64640K, reserved 1114112K
  class space    used 8255K, committed 8512K, reserved 1048576K
}
Event: 875.478 GC heap before
{Heap before GC invocations=19 (full 0):
 garbage-first heap   total 53248K, used 47719K [0x0000000084200000, 0x0000000100000000)
  region size 1024K, 18 young (18432K), 1 survivors (1024K)
 Metaspace       used 64076K, committed 64640K, reserved 1114112K
  class space    used 8255K, committed 8512K, reserved 1048576K
}
Event: 875.567 GC heap after
{Heap after GC invocations=20 (full 0):
 garbage-first heap   total 53248K, used 30171K [0x0000000084200000, 0x0000000100000000)
  region size 1024K, 1 young (1024K), 1 survivors (1024K)
 Metaspace       used 64076K, committed 64640K, reserved 1114112K
  class space    used 8255K, committed 8512K, reserved 1048576K
}
Event: 1327.426 GC heap before
{Heap before GC invocations=20 (full 0):
 garbage-first heap   total 53248K, used 47579K [0x0000000084200000, 0x0000000100000000)
  region size 1024K, 18 young (18432K), 1 survivors (1024K)
 Metaspace       used 64088K, committed 64640K, reserved 1114112K
  class space    used 8255K, committed 8512K, reserved 1048576K
}
Event: 1327.513 GC heap after
{Heap after GC invocations=21 (full 0):
 garbage-first heap   total 53248K, used 29847K [0x0000000084200000, 0x0000000100000000)
  region size 1024K, 1 young (1024K), 1 survivors (1024K)
 Metaspace       used 64088K, committed 64640K, reserved 1114112K
  class space    used 8255K, committed 8512K, reserved 1048576K
}

Dll operation events (14 events):
Event: 0.040 Loaded shared library C:\Users\DELL-ACIXOM-2\.jdks\openjdk-20.0.2\bin\java.dll
Event: 0.059 Loaded shared library C:\Users\DELL-ACIXOM-2\.jdks\openjdk-20.0.2\bin\jsvml.dll
Event: 0.118 Loaded shared library C:\Users\DELL-ACIXOM-2\.jdks\openjdk-20.0.2\bin\zip.dll
Event: 0.121 Loaded shared library C:\Users\DELL-ACIXOM-2\.jdks\openjdk-20.0.2\bin\instrument.dll
Event: 0.127 Loaded shared library C:\Users\DELL-ACIXOM-2\.jdks\openjdk-20.0.2\bin\net.dll
Event: 0.129 Loaded shared library C:\Users\DELL-ACIXOM-2\.jdks\openjdk-20.0.2\bin\nio.dll
Event: 0.173 Loaded shared library C:\Users\DELL-ACIXOM-2\.jdks\openjdk-20.0.2\bin\zip.dll
Event: 2.305 Loaded shared library C:\Users\DELL-ACIXOM-2\.jdks\openjdk-20.0.2\bin\jimage.dll
Event: 3.497 Loaded shared library C:\Program Files\JetBrains\IntelliJ IDEA 2023.2.1\bin\breakgen64.dll
Event: 3.505 Loaded shared library C:\Users\DELL-ACIXOM-2\.jdks\openjdk-20.0.2\bin\extnet.dll
Event: 3.533 Loaded shared library C:\Users\DELL-ACIXOM-2\.jdks\openjdk-20.0.2\bin\verify.dll
Event: 3.834 Loaded shared library C:\Users\DELL-ACIXOM-2\.jdks\openjdk-20.0.2\bin\management.dll
Event: 3.837 Loaded shared library C:\Users\DELL-ACIXOM-2\.jdks\openjdk-20.0.2\bin\management_ext.dll
Event: 6.212 Loaded shared library C:\Users\DELL-ACIXOM-2\.jdks\openjdk-20.0.2\bin\sunmscapi.dll

Deoptimization events (20 events):
Event: 18.563 Thread 0x000001dc20337040 Uncommon trap: trap_request=0xffffff45 fr.pc=0x000001dbc9d3be60 relative=0x00000000000000e0
Event: 18.563 Thread 0x000001dc20337040 Uncommon trap: reason=unstable_if action=reinterpret pc=0x000001dbc9d3be60 method=java.lang.Class.annotationData()Ljava/lang/Class$AnnotationData; @ 36 c2
Event: 18.563 Thread 0x000001dc20337040 DEOPT PACKING pc=0x000001dbc9d3be60 sp=0x0000006ce40faed0
Event: 18.563 Thread 0x000001dc20337040 DEOPT UNPACKING pc=0x000001dbc95fd2a2 sp=0x0000006ce40fae80 mode 2
Event: 1461.438 Thread 0x000001dc1d3559f0 Uncommon trap: trap_request=0xffffff45 fr.pc=0x000001dbc9f94d24 relative=0x00000000000032e4
Event: 1461.443 Thread 0x000001dc1d3559f0 Uncommon trap: reason=unstable_if action=reinterpret pc=0x000001dbc9f94d24 method=java.io.File.normalizedList()[Ljava/lang/String; @ 34 c2
Event: 1461.447 Thread 0x000001dc1d3559f0 DEOPT PACKING pc=0x000001dbc9f94d24 sp=0x0000006ce3cff0e0
Event: 1461.455 Thread 0x000001dc1d3559f0 DEOPT UNPACKING pc=0x000001dbc95fd2a2 sp=0x0000006ce3cfefd0 mode 2
Event: 1461.859 Thread 0x000001dc1d3559f0 Uncommon trap: trap_request=0xffffff45 fr.pc=0x000001dbc9e4d48c relative=0x000000000000022c
Event: 1461.860 Thread 0x000001dc1d3559f0 Uncommon trap: reason=unstable_if action=reinterpret pc=0x000001dbc9e4d48c method=java.util.AbstractSet.equals(Ljava/lang/Object;)Z @ 31 c2
Event: 1461.860 Thread 0x000001dc1d3559f0 DEOPT PACKING pc=0x000001dbc9e4d48c sp=0x0000006ce3cff140
Event: 1461.864 Thread 0x000001dc1d3559f0 DEOPT UNPACKING pc=0x000001dbc95fd2a2 sp=0x0000006ce3cff0c8 mode 2
Event: 1461.897 Thread 0x000001dc1d3559f0 Uncommon trap: trap_request=0xffffff45 fr.pc=0x000001dbc9f90e34 relative=0x00000000000006d4
Event: 1461.897 Thread 0x000001dc1d3559f0 Uncommon trap: reason=unstable_if action=reinterpret pc=0x000001dbc9f90e34 method=java.io.File.normalizedList()[Ljava/lang/String; @ 34 c2
Event: 1461.899 Thread 0x000001dc1d3559f0 DEOPT PACKING pc=0x000001dbc9f90e34 sp=0x0000006ce3cff060
Event: 1461.903 Thread 0x000001dc1d3559f0 DEOPT UNPACKING pc=0x000001dbc95fd2a2 sp=0x0000006ce3cfefc0 mode 2
Event: 1462.337 Thread 0x000001dc1d3559f0 Uncommon trap: trap_request=0xffffffc6 fr.pc=0x000001dbc9f8f454 relative=0x0000000000000c94
Event: 1462.337 Thread 0x000001dc1d3559f0 Uncommon trap: reason=bimorphic_or_optimized_type_check action=maybe_recompile pc=0x000001dbc9f8f454 method=java.util.AbstractCollection.containsAll(Ljava/util/Collection;)Z @ 25 c2
Event: 1462.337 Thread 0x000001dc1d3559f0 DEOPT PACKING pc=0x000001dbc9f8f454 sp=0x0000006ce3cff1b0
Event: 1462.339 Thread 0x000001dc1d3559f0 DEOPT UNPACKING pc=0x000001dbc95fd2a2 sp=0x0000006ce3cff178 mode 2

Classes loaded (20 events):
Event: 17.944 Loading class sun/nio/cs/ThreadLocalCoders$2
Event: 17.944 Loading class sun/nio/cs/ThreadLocalCoders$2 done
Event: 18.007 Loading class java/util/concurrent/locks/ReentrantReadWriteLock$Sync$HoldCounter
Event: 18.008 Loading class java/util/concurrent/locks/ReentrantReadWriteLock$Sync$HoldCounter done
Event: 18.092 Loading class java/time/format/DateTimeFormatterBuilder$ZoneTextPrinterParser
Event: 18.093 Loading class java/time/format/DateTimeFormatterBuilder$ZoneTextPrinterParser done
Event: 18.093 Loading class java/time/format/DateTimeFormatterBuilder$ReducedPrinterParser
Event: 18.093 Loading class java/time/format/DateTimeFormatterBuilder$ReducedPrinterParser done
Event: 18.181 Loading class java/io/FileOutputStream$1
Event: 18.181 Loading class java/io/FileOutputStream$1 done
Event: 18.488 Loading class java/util/OptionalLong
Event: 18.489 Loading class java/util/OptionalLong done
Event: 18.489 Loading class java/util/OptionalDouble
Event: 18.489 Loading class java/util/OptionalDouble done
Event: 18.503 Loading class java/util/concurrent/atomic/AtomicReferenceArray
Event: 18.503 Loading class java/util/concurrent/atomic/AtomicReferenceArray done
Event: 18.504 Loading class java/lang/invoke/VarHandleReferences$Array
Event: 18.504 Loading class java/lang/invoke/VarHandleReferences$Array done
Event: 18.545 Loading class org/w3c/dom/Document
Event: 18.546 Loading class org/w3c/dom/Document done

Classes unloaded (1 events):
Event: 10.323 Thread 0x000001dbd7058e40 Unloading class 0x000001dbd8b24000 'jdk/internal/reflect/GeneratedSerializationConstructorAccessor1'

Classes redefined (0 events):
No events

Internal exceptions (20 events):
Event: 9.792 Thread 0x000001dc1cfea910 Exception <a 'java/lang/ClassNotFoundException'{0x00000000884af3d8}: java/lang/ObjectCustomizer> (0x00000000884af3d8) 
thrown [s\open\src\hotspot\share\classfile\systemDictionary.cpp, line 305]
Event: 9.792 Thread 0x000001dc1cfea910 Exception <a 'java/lang/ClassNotFoundException'{0x00000000884b6858}: org/springframework/security/config/annotation/web/configuration/WebSecurityConfigurationCustomizer> (0x00000000884b6858) 
thrown [s\open\src\hotspot\share\classfile\systemDictionary.cpp, line 305]
Event: 9.792 Thread 0x000001dc1cfea910 Exception <a 'java/lang/ClassNotFoundException'{0x00000000884c2e30}: org/springframework/context/annotation/ImportAwareCustomizer> (0x00000000884c2e30) 
thrown [s\open\src\hotspot\share\classfile\systemDictionary.cpp, line 305]
Event: 9.793 Thread 0x000001dc1cfea910 Exception <a 'java/lang/ClassNotFoundException'{0x00000000884c7320}: org/springframework/beans/factory/AwareCustomizer> (0x00000000884c7320) 
thrown [s\open\src\hotspot\share\classfile\systemDictionary.cpp, line 305]
Event: 9.793 Thread 0x000001dc1cfea910 Exception <a 'java/lang/ClassNotFoundException'{0x00000000884cac40}: org/springframework/beans/factory/BeanClassLoaderAwareCustomizer> (0x00000000884cac40) 
thrown [s\open\src\hotspot\share\classfile\systemDictionary.cpp, line 305]
Event: 9.793 Thread 0x000001dc1cfea910 Exception <a 'java/lang/ClassNotFoundException'{0x00000000884cf110}: org/springframework/beans/factory/AwareCustomizer> (0x00000000884cf110) 
thrown [s\open\src\hotspot\share\classfile\systemDictionary.cpp, line 305]
Event: 9.810 Thread 0x000001dc1cfea910 Implicit null exception at 0x000001dbc9c62ba8 to 0x000001dbc9c62c5e
Event: 10.112 Thread 0x000001dc1cfea910 Exception <a 'java/lang/IncompatibleClassChangeError'{0x00000000886fa3f8}: Found class java.lang.Object, but interface was expected> (0x00000000886fa3f8) 
thrown [s\open\src\hotspot\share\interpreter\linkResolver.cpp, line 840]
Event: 10.175 Thread 0x000001dc1cfea910 Exception <a 'java/lang/ClassNotFoundException'{0x0000000086c9f628}: java/lang/ObjectCustomizer> (0x0000000086c9f628) 
thrown [s\open\src\hotspot\share\classfile\systemDictionary.cpp, line 305]
Event: 10.176 Thread 0x000001dc1cfea910 Exception <a 'java/lang/ClassNotFoundException'{0x0000000086ca6ac0}: org/springframework/security/config/annotation/web/configuration/HttpSecurityConfigurationCustomizer> (0x0000000086ca6ac0) 
thrown [s\open\src\hotspot\share\classfile\systemDictionary.cpp, line 305]
Event: 10.236 Thread 0x000001dc1cfea910 Exception <a 'java/lang/NoSuchMethodError'{0x0000000086ab6d60}: 'void java.lang.invoke.DirectMethodHandle$Holder.invokeVirtual(java.lang.Object, java.lang.Object, long)'> (0x0000000086ab6d60) 
thrown [s\open\src\hotspot\share\interpreter\linkResolver.cpp, line 773]
Event: 10.292 Thread 0x000001dc1cfea910 Exception <a 'java/lang/NoSuchMethodError'{0x000000008667fbc8}: 'int java.lang.invoke.DirectMethodHandle$Holder.invokeStaticInit(java.lang.Object, java.lang.Object, java.lang.Object, java.lang.Object)'> (0x000000008667fbc8) 
thrown [s\open\src\hotspot\share\interpreter\linkResolver.cpp, line 773]
Event: 10.315 Thread 0x000001dc1cfea910 Implicit null exception at 0x000001dbc9ec1b53 to 0x000001dbc9ec1c58
Event: 10.404 Thread 0x000001dc1cfea910 Exception <a 'java/lang/NoSuchMethodError'{0x00000000884bec08}: 'java.lang.Object java.lang.invoke.DirectMethodHandle$Holder.invokeSpecial(java.lang.Object, java.lang.Object, int, java.lang.Object, int, java.lang.Object)'> (0x00000000884bec08) 
thrown [s\open\src\hotspot\share\interpreter\linkResolver.cpp, line 773]
Event: 10.405 Thread 0x000001dc1cfea910 Exception <a 'java/lang/NoSuchMethodError'{0x00000000884c70a8}: 'java.lang.Object java.lang.invoke.DirectMethodHandle$Holder.newInvokeSpecial(java.lang.Object, java.lang.Object, int, java.lang.Object, int)'> (0x00000000884c70a8) 
thrown [s\open\src\hotspot\share\interpreter\linkResolver.cpp, line 773]
Event: 10.405 Thread 0x000001dc1cfea910 Exception <a 'java/lang/NoSuchMethodError'{0x00000000884caed0}: 'java.lang.Object java.lang.invoke.DirectMethodHandle$Holder.invokeSpecial(java.lang.Object, java.lang.Object, java.lang.Object, int, java.lang.Object, int)'> (0x00000000884caed0) 
thrown [s\open\src\hotspot\share\interpreter\linkResolver.cpp, line 773]
Event: 10.445 Thread 0x000001dbb882daa0 Exception <a 'java/lang/NoSuchMethodError'{0x0000000086ec6798}: 'int java.lang.invoke.DirectMethodHandle$Holder.invokeSpecialIFC(java.lang.Object, java.lang.Object, java.lang.Object)'> (0x0000000086ec6798) 
thrown [s\open\src\hotspot\share\interpreter\linkResolver.cpp, line 773]
Event: 18.244 Thread 0x000001dc20337ae0 Implicit null exception at 0x000001dbc9e3a14b to 0x000001dbc9e3a444
Event: 1461.437 Thread 0x000001dc1d3559f0 Implicit null exception at 0x000001dbc9f91c17 to 0x000001dbc9f94d0c
Event: 1461.897 Thread 0x000001dc1d3559f0 Implicit null exception at 0x000001dbc9f9092d to 0x000001dbc9f90e24

VM Operations (20 events):
Event: 800.235 Executing VM operation: Cleanup
Event: 800.236 Executing VM operation: Cleanup done
Event: 875.467 Executing VM operation: G1CollectForAllocation
Event: 875.567 Executing VM operation: G1CollectForAllocation done
Event: 1128.385 Executing VM operation: Cleanup
Event: 1128.385 Executing VM operation: Cleanup done
Event: 1171.785 Executing VM operation: Cleanup
Event: 1171.788 Executing VM operation: Cleanup done
Event: 1327.423 Executing VM operation: G1CollectForAllocation
Event: 1327.513 Executing VM operation: G1CollectForAllocation done
Event: 1389.801 Executing VM operation: Cleanup
Event: 1389.801 Executing VM operation: Cleanup done
Event: 1410.967 Executing VM operation: Cleanup
Event: 1410.968 Executing VM operation: Cleanup done
Event: 1421.042 Executing VM operation: Cleanup
Event: 1421.044 Executing VM operation: Cleanup done
Event: 1431.345 Executing VM operation: Cleanup
Event: 1431.351 Executing VM operation: Cleanup done
Event: 1462.656 Executing VM operation: Cleanup
Event: 1462.660 Executing VM operation: Cleanup done

Events (20 events):
Event: 425.451 Thread 0x000001dbd7058e40 flushing nmethod 0x000001dbc9d38510
Event: 425.451 Thread 0x000001dbd7058e40 flushing nmethod 0x000001dbc9d36310
Event: 425.451 Thread 0x000001dbd7058e40 flushing nmethod 0x000001dbc9ce0010
Event: 425.452 Thread 0x000001dbd7058e40 flushing nmethod 0x000001dbc9cd3c90
Event: 425.452 Thread 0x000001dbd7058e40 flushing nmethod 0x000001dbc9c9b690
Event: 425.452 Thread 0x000001dbd7058e40 flushing nmethod 0x000001dbc9c14490
Event: 425.452 Thread 0x000001dbd7058e40 flushing nmethod 0x000001dbc9c77590
Event: 425.452 Thread 0x000001dbd7058e40 flushing nmethod 0x000001dbc9c7aa90
Event: 425.452 Thread 0x000001dbd7058e40 flushing nmethod 0x000001dbc9c62a10
Event: 425.452 Thread 0x000001dbd7058e40 flushing nmethod 0x000001dbc9c56a90
Event: 425.452 Thread 0x000001dbd7058e40 flushing nmethod 0x000001dbc9be9490
Event: 425.452 Thread 0x000001dbd7058e40 flushing nmethod 0x000001dbc9be1b10
Event: 425.452 Thread 0x000001dbd7058e40 flushing nmethod 0x000001dbc9bc6390
Event: 425.452 Thread 0x000001dbd7058e40 flushing nmethod 0x000001dbc9bc5890
Event: 425.452 Thread 0x000001dbd7058e40 flushing nmethod 0x000001dbc9bf8010
Event: 425.452 Thread 0x000001dbd7058e40 flushing nmethod 0x000001dbc9bf7c10
Event: 425.452 Thread 0x000001dbd7058e40 flushing nmethod 0x000001dbc9bef190
Event: 425.452 Thread 0x000001dbd7058e40 flushing nmethod 0x000001dbc9be6410
Event: 425.452 Thread 0x000001dbd7058e40 flushing nmethod 0x000001dbc9ba1210
Event: 425.452 Thread 0x000001dbd7058e40 flushing nmethod 0x000001dbc9b89f10


Dynamic libraries:
0x00007ff636100000 - 0x00007ff63610e000 	C:\Users\DELL-ACIXOM-2\.jdks\openjdk-20.0.2\bin\java.exe
0x00007ffcec570000 - 0x00007ffcec787000 	C:\WINDOWS\SYSTEM32\ntdll.dll
0x00007ffcea5b0000 - 0x00007ffcea674000 	C:\WINDOWS\System32\KERNEL32.DLL
0x00007ffce9a80000 - 0x00007ffce9e2d000 	C:\WINDOWS\System32\KERNELBASE.dll
0x00007ffce9eb0000 - 0x00007ffce9fc1000 	C:\WINDOWS\System32\ucrtbase.dll
0x00007ffce1120000 - 0x00007ffce113b000 	C:\Users\DELL-ACIXOM-2\.jdks\openjdk-20.0.2\bin\VCRUNTIME140.dll
0x00007ffce38c0000 - 0x00007ffce38d7000 	C:\Users\DELL-ACIXOM-2\.jdks\openjdk-20.0.2\bin\jli.dll
0x00007ffceaad0000 - 0x00007ffceac7e000 	C:\WINDOWS\System32\USER32.dll
0x00007ffcca8c0000 - 0x00007ffccab53000 	C:\WINDOWS\WinSxS\amd64_microsoft.windows.common-controls_6595b64144ccf1df_6.0.22621.3672_none_2713b9d173822955\COMCTL32.dll
0x00007ffce9890000 - 0x00007ffce98b6000 	C:\WINDOWS\System32\win32u.dll
0x00007ffcea800000 - 0x00007ffcea8a7000 	C:\WINDOWS\System32\msvcrt.dll
0x00007ffceaca0000 - 0x00007ffceacc9000 	C:\WINDOWS\System32\GDI32.dll
0x00007ffce9960000 - 0x00007ffce9a79000 	C:\WINDOWS\System32\gdi32full.dll
0x00007ffce98c0000 - 0x00007ffce995a000 	C:\WINDOWS\System32\msvcp_win.dll
0x00007ffceaf10000 - 0x00007ffceaf41000 	C:\WINDOWS\System32\IMM32.DLL
0x00007ffce4590000 - 0x00007ffce459c000 	C:\Users\DELL-ACIXOM-2\.jdks\openjdk-20.0.2\bin\vcruntime140_1.dll
0x00007ffcd1220000 - 0x00007ffcd12ae000 	C:\Users\DELL-ACIXOM-2\.jdks\openjdk-20.0.2\bin\msvcp140.dll
0x00007ffc90770000 - 0x00007ffc91408000 	C:\Users\DELL-ACIXOM-2\.jdks\openjdk-20.0.2\bin\server\jvm.dll
0x00007ffceaa10000 - 0x00007ffceaac2000 	C:\WINDOWS\System32\ADVAPI32.dll
0x00007ffceb110000 - 0x00007ffceb1b9000 	C:\WINDOWS\System32\sechost.dll
0x00007ffce9fd0000 - 0x00007ffce9ff8000 	C:\WINDOWS\System32\bcrypt.dll
0x00007ffcea680000 - 0x00007ffcea794000 	C:\WINDOWS\System32\RPCRT4.dll
0x00007ffce3710000 - 0x00007ffce3744000 	C:\WINDOWS\SYSTEM32\WINMM.dll
0x00007ffcb9840000 - 0x00007ffcb9849000 	C:\WINDOWS\SYSTEM32\WSOCK32.dll
0x00007ffce3080000 - 0x00007ffce308a000 	C:\WINDOWS\SYSTEM32\VERSION.dll
0x00007ffceacd0000 - 0x00007ffcead41000 	C:\WINDOWS\System32\WS2_32.dll
0x00007ffce8820000 - 0x00007ffce8838000 	C:\WINDOWS\SYSTEM32\kernel.appcore.dll
0x00007ffce11a0000 - 0x00007ffce11aa000 	C:\Users\DELL-ACIXOM-2\.jdks\openjdk-20.0.2\bin\jimage.dll
0x00007ffce6fd0000 - 0x00007ffce7202000 	C:\WINDOWS\SYSTEM32\DBGHELP.DLL
0x00007ffceb7c0000 - 0x00007ffcebb4d000 	C:\WINDOWS\System32\combase.dll
0x00007ffcea8b0000 - 0x00007ffcea987000 	C:\WINDOWS\System32\OLEAUT32.dll
0x00007ffce0a70000 - 0x00007ffce0aa2000 	C:\WINDOWS\SYSTEM32\dbgcore.DLL
0x00007ffce9e30000 - 0x00007ffce9eab000 	C:\WINDOWS\System32\bcryptPrimitives.dll
0x00007ffce0000000 - 0x00007ffce000e000 	C:\Users\DELL-ACIXOM-2\.jdks\openjdk-20.0.2\bin\instrument.dll
0x00007ffcdd200000 - 0x00007ffcdd226000 	C:\Users\DELL-ACIXOM-2\.jdks\openjdk-20.0.2\bin\java.dll
0x00007ffc999b0000 - 0x00007ffc99a87000 	C:\Users\DELL-ACIXOM-2\.jdks\openjdk-20.0.2\bin\jsvml.dll
0x00007ffcebba0000 - 0x00007ffcec407000 	C:\WINDOWS\System32\SHELL32.dll
0x00007ffce76b0000 - 0x00007ffce7fae000 	C:\WINDOWS\SYSTEM32\windows.storage.dll
0x00007ffce74c0000 - 0x00007ffce75ff000 	C:\WINDOWS\SYSTEM32\wintypes.dll
0x00007ffcea4b0000 - 0x00007ffcea5a9000 	C:\WINDOWS\System32\SHCORE.dll
0x00007ffcea450000 - 0x00007ffcea4ae000 	C:\WINDOWS\System32\shlwapi.dll
0x00007ffce97c0000 - 0x00007ffce97e1000 	C:\WINDOWS\SYSTEM32\profapi.dll
0x00007ffcdc490000 - 0x00007ffcdc4a8000 	C:\Users\DELL-ACIXOM-2\.jdks\openjdk-20.0.2\bin\zip.dll
0x00007ffcdd260000 - 0x00007ffcdd273000 	C:\Users\DELL-ACIXOM-2\.jdks\openjdk-20.0.2\bin\net.dll
0x00007ffce4a80000 - 0x00007ffce4bb6000 	C:\WINDOWS\SYSTEM32\WINHTTP.dll
0x00007ffce8ce0000 - 0x00007ffce8d49000 	C:\WINDOWS\system32\mswsock.dll
0x00007ffcdcbd0000 - 0x00007ffcdcbe6000 	C:\Users\DELL-ACIXOM-2\.jdks\openjdk-20.0.2\bin\nio.dll
0x00007ffcdc460000 - 0x00007ffcdc47a000 	C:\Program Files\JetBrains\IntelliJ IDEA 2023.2.1\bin\breakgen64.dll
0x00007ffcdc480000 - 0x00007ffcdc487000 	C:\Users\DELL-ACIXOM-2\.jdks\openjdk-20.0.2\bin\extnet.dll
0x00007ffcdc290000 - 0x00007ffcdc2a0000 	C:\Users\DELL-ACIXOM-2\.jdks\openjdk-20.0.2\bin\verify.dll
0x00007ffcdfc60000 - 0x00007ffcdfc6a000 	C:\Users\DELL-ACIXOM-2\.jdks\openjdk-20.0.2\bin\management.dll
0x00007ffcdd2b0000 - 0x00007ffcdd2bb000 	C:\Users\DELL-ACIXOM-2\.jdks\openjdk-20.0.2\bin\management_ext.dll
0x00007ffceac90000 - 0x00007ffceac98000 	C:\WINDOWS\System32\PSAPI.DLL
0x00007ffcb5ec0000 - 0x00007ffcb5ed7000 	C:\WINDOWS\system32\napinsp.dll
0x00007ffcb5d30000 - 0x00007ffcb5d4b000 	C:\WINDOWS\system32\pnrpnsp.dll
0x00007ffce8130000 - 0x00007ffce8228000 	C:\WINDOWS\SYSTEM32\DNSAPI.dll
0x00007ffce8100000 - 0x00007ffce812d000 	C:\WINDOWS\SYSTEM32\IPHLPAPI.DLL
0x00007ffceac80000 - 0x00007ffceac89000 	C:\WINDOWS\System32\NSI.dll
0x00007ffcb5d10000 - 0x00007ffcb5d21000 	C:\WINDOWS\System32\winrnr.dll
0x00007ffce2ec0000 - 0x00007ffce2ed5000 	C:\WINDOWS\system32\wshbth.dll
0x00007ffcb5ce0000 - 0x00007ffcb5d07000 	C:\WINDOWS\system32\nlansp_c.dll
0x00007ffce3750000 - 0x00007ffce375a000 	C:\Windows\System32\rasadhlp.dll
0x00007ffce4ef0000 - 0x00007ffce4f73000 	C:\WINDOWS\System32\fwpuclnt.dll
0x00007ffce8fd0000 - 0x00007ffce8feb000 	C:\WINDOWS\SYSTEM32\CRYPTSP.dll
0x00007ffce87e0000 - 0x00007ffce8815000 	C:\WINDOWS\system32\rsaenh.dll
0x00007ffce8d80000 - 0x00007ffce8da8000 	C:\WINDOWS\SYSTEM32\USERENV.dll
0x00007ffce8fb0000 - 0x00007ffce8fbc000 	C:\WINDOWS\SYSTEM32\CRYPTBASE.dll
0x00007ffce4da0000 - 0x00007ffce4db9000 	C:\WINDOWS\SYSTEM32\dhcpcsvc6.DLL
0x00007ffce4d80000 - 0x00007ffce4d9f000 	C:\WINDOWS\SYSTEM32\dhcpcsvc.DLL
0x00007ffcdd160000 - 0x00007ffcdd16e000 	C:\Users\DELL-ACIXOM-2\.jdks\openjdk-20.0.2\bin\sunmscapi.dll
0x00007ffcea130000 - 0x00007ffcea297000 	C:\WINDOWS\System32\CRYPT32.dll
0x00007ffce90f0000 - 0x00007ffce911e000 	C:\WINDOWS\SYSTEM32\ncrypt.dll
0x00007ffce90b0000 - 0x00007ffce90e7000 	C:\WINDOWS\SYSTEM32\NTASN1.dll
0x00007ffc9b900000 - 0x00007ffc9b908000 	C:\WINDOWS\system32\wshunix.dll

dbghelp: loaded successfully - version: 4.0.5 - missing functions: none
symbol engine: initialized successfully - sym options: 0x614 - pdb path: .;C:\Users\DELL-ACIXOM-2\.jdks\openjdk-20.0.2\bin;C:\WINDOWS\SYSTEM32;C:\WINDOWS\WinSxS\amd64_microsoft.windows.common-controls_6595b64144ccf1df_6.0.22621.3672_none_2713b9d173822955;C:\Users\DELL-ACIXOM-2\.jdks\openjdk-20.0.2\bin\server;C:\Program Files\JetBrains\IntelliJ IDEA 2023.2.1\bin

VM Arguments:
jvm_args: -javaagent:C:\Program Files\JetBrains\IntelliJ IDEA 2023.2.1\lib\idea_rt.jar=51757:C:\Program Files\JetBrains\IntelliJ IDEA 2023.2.1\bin -Dfile.encoding=UTF-8 -Dsun.stdout.encoding=UTF-8 -Dsun.stderr.encoding=UTF-8 
java_command: com.acxiom.CallSentimentsAnalyticsApplication
java_class_path (initial): C:\Users\DELL-ACIXOM-2\Desktop\Call Sentiments Analytics\Call-Sentiments-Analytics\target\classes;C:\Users\DELL-ACIXOM-2\.m2\repository\org\springframework\boot\spring-boot-starter-data-jpa\2.7.14\spring-boot-starter-data-jpa-2.7.14.jar;C:\Users\DELL-ACIXOM-2\.m2\repository\org\springframework\boot\spring-boot-starter-aop\2.7.14\spring-boot-starter-aop-2.7.14.jar;C:\Users\DELL-ACIXOM-2\.m2\repository\org\aspectj\aspectjweaver\1.9.7\aspectjweaver-1.9.7.jar;C:\Users\DELL-ACIXOM-2\.m2\repository\org\springframework\boot\spring-boot-starter-jdbc\2.7.14\spring-boot-starter-jdbc-2.7.14.jar;C:\Users\DELL-ACIXOM-2\.m2\repository\com\zaxxer\HikariCP\4.0.3\HikariCP-4.0.3.jar;C:\Users\DELL-ACIXOM-2\.m2\repository\org\springframework\spring-jdbc\5.3.29\spring-jdbc-5.3.29.jar;C:\Users\DELL-ACIXOM-2\.m2\repository\jakarta\transaction\jakarta.transaction-api\1.3.3\jakarta.transaction-api-1.3.3.jar;C:\Users\DELL-ACIXOM-2\.m2\repository\jakarta\persistence\jakarta.persistence-api\2.2.3\jakarta.persistence-api-2.2.3.jar;C:\Users\DELL-ACIXOM-2\.m2\repository\org\hibernate\hibernate-core\5.6.15.Final\hibernate-core-5.6.15.Final.jar;C:\Users\DELL-ACIXOM-2\.m2\repository\org\jboss\logging\jboss-logging\3.4.3.Final\jboss-logging-3.4.3.Final.jar;C:\Users\DELL-ACIXOM-2\.m2\repository\net\bytebuddy\byte-buddy\1.12.23\byte-buddy-1.12.23.jar;C:\Users\DELL-ACIXOM-2\.m2\repository\antlr\antlr\2.7.7\antlr-2.7.7.jar;C:\Users\DELL-ACIXOM-2\.m2\repository\org\jboss\jandex\2.4.2.Final\jandex-2.4.2.Final.jar;C:\Users\DELL-ACIXOM-2\.m2\repository\com\fasterxml\classmate\1.5.1\classmate-1.5.1.jar;C:\Users\DELL-ACIXOM-2\.m2\repository\org\hibernate\common\hibernate-commons-annotations\5.1.2.Final\hibernate-commons-annotations-5.1.2.Final.jar;C:\Users\DELL-ACIXOM-2\.m2\repository\org\glassfish\jaxb\jaxb-runtime\2.3.8\jaxb-runtime-2.3.8.jar;C:\Users\DELL-ACIXOM-2\.m2\repository\org\glassfish\jaxb\txw2\2.3.8\txw2-2.3.8.jar;C:\Users\DELL-ACIXOM-2\.m2\repository\com\sun\istack\istack-commons-runtime\3.0.12\istack-commons-runtime-3.0.12.jar;C:\Users\DELL-ACIXOM-2\.m2\repository\com\sun\activation\jakarta.activation\1.2.2\jakarta.activation-1.2.2.jar;C:\Users\DELL-ACIXOM-2\.m2\repository\org\springframework\data\spring-data-jpa\2.7.14\spring-data-jpa-2.7.14.jar;C:\Users\DELL-ACIXOM-2\.m2\repository\org\springframework\data\spring-data-commons\2.7.14\spring-data-commons-2.7.14.jar;C:\Users\DELL-ACIXOM-2\.m2\repository\org\springframework\spring-orm\5.3.29\spring-orm-5.3.29.jar;C:\Users\DELL-ACIXOM-2\.m2\repository\org\springframework\spring-context\5.3.29\spring-context-5.3.29.jar;C:\Users\DELL-ACIXOM-2\.m2\repository\org\springframework\spring-tx\5.3.29\spring-tx-5.3.29.jar;C:\Users\DELL-ACIXOM-2\.m2\repository\org\springframework\spring-beans\5.3.29\spring-beans-5.3.29.jar;C:\Users\DELL-ACIXOM-2\.m2\repository\org\slf4j\slf4j-api\1.7.36\slf4j-api-1.7.36.jar;C:\Users\DELL-ACIXOM-2\.m2\repository\org\springframework\spring-aspects\5.3.29\spring-aspects-5.3.29.jar;C:\Users\DELL-ACIXOM-2\.m2\repository\org\springframework\boot\spring-boot-starter-web\2.7.14\spring-boot-starter-web-2.7.14.jar;C:\Users\DELL-ACIXOM-2\.m2\repository\org\springframework\boot\spring-boot-starter\2.7.14\spring-boot-starter-2.7.14.jar;C:\Users\DELL-ACIXOM-2\.m2\repository\org\springframework\boot\spring-boot-starter-logging\2.7.14\spring-boot-starter-logging-2.7.14.jar;C:\Users\DELL-ACIXOM-2\.m2\repository\ch\qos\logback\logback-classic\1.2.12\logback-classic-1.2.12.jar;C:\Users\DELL-ACIXOM-2\.m2\repository\ch\qos\logback\logback-core\1.2.12\logback-core-1.2.12.jar;C:\Users\DELL-ACIXOM-2\.m2\repository\org\apache\logging\log4j\log4j-to-slf4j\2.17.2\log4j-to-slf4j-2.17.2.jar;C:\Users\DELL-ACIXOM-2\.m2\repository\org\apache\logging\log4j\log4j-api\2.17.2\log4j-api-2.17.2.jar;C:\Users\DELL-ACIXOM-2\.m2\repository\org\slf4j\jul-to-slf4j\1.7.36\jul-to-slf4j-1.7.36.jar;C:\Users\DELL-ACIXOM-2\.m2\repository\jakarta\annotation\jakarta.annotation-api\1.3.5\jakarta.annotation-api-1.3.5.jar;C:\Users\DELL-ACIXOM-2\.m2\repository\org\yaml\snakeyaml\1.30\snakeyaml-1.30.jar;C:\Users\DELL-ACIXOM-2\.m2\repository\org\springframework\boot\spring-boot-starter-json\2.7.14\spring-boot-starter-json-2.7.14.jar;C:\Users\DELL-ACIXOM-2\.m2\repository\com\fasterxml\jackson\datatype\jackson-datatype-jdk8\2.13.5\jackson-datatype-jdk8-2.13.5.jar;C:\Users\DELL-ACIXOM-2\.m2\repository\com\fasterxml\jackson\datatype\jackson-datatype-jsr310\2.13.5\jackson-datatype-jsr310-2.13.5.jar;C:\Users\DELL-ACIXOM-2\.m2\repository\com\fasterxml\jackson\module\jackson-module-parameter-names\2.13.5\jackson-module-parameter-names-2.13.5.jar;C:\Users\DELL-ACIXOM-2\.m2\repository\org\springframework\boot\spring-boot-starter-tomcat\2.7.14\spring-boot-starter-tomcat-2.7.14.jar;C:\Users\DELL-ACIXOM-2\.m2\repository\org\apache\tomcat\embed\tomcat-embed-core\9.0.78\tomcat-embed-core-9.0.78.jar;C:\Users\DELL-ACIXOM-2\.m2\repository\org\apache\tomcat\embed\tomcat-embed-el\9.0.78\tomcat-embed-el-9.0.78.jar;C:\Users\DELL-ACIXOM-2\.m2\repository\org\apache\tomcat\embed\tomcat-embed-websocket\9.0.78\tomcat-embed-websocket-9.0.78.jar;C:\Users\DELL-ACIXOM-2\.m2\repository\org\springframework\spring-web\5.3.29\spring-web-5.3.29.jar;C:\Users\DELL-ACIXOM-2\.m2\repository\org\springframework\spring-webmvc\5.3.29\spring-webmvc-5.3.29.jar;C:\Users\DELL-ACIXOM-2\.m2\repository\org\springframework\spring-expression\5.3.29\spring-expression-5.3.29.jar;C:\Users\DELL-ACIXOM-2\.m2\repository\org\springframework\boot\spring-boot-devtools\2.7.14\spring-boot-devtools-2.7.14.jar;C:\Users\DELL-ACIXOM-2\.m2\repository\org\springframework\boot\spring-boot\2.7.14\spring-boot-2.7.14.jar;C:\Users\DELL-ACIXOM-2\.m2\repository\org\springframework\boot\spring-boot-autoconfigure\2.7.14\spring-boot-autoconfigure-2.7.14.jar;C:\Users\DELL-ACIXOM-2\.m2\repository\com\mysql\mysql-connector-j\8.0.33\mysql-connector-j-8.0.33.jar;C:\Users\DELL-ACIXOM-2\.m2\repository\jakarta\xml\bind\jakarta.xml.bind-api\2.3.3\jakarta.xml.bind-api-2.3.3.jar;C:\Users\DELL-ACIXOM-2\.m2\repository\jakarta\activation\jakarta.activation-api\1.2.2\jakarta.activation-api-1.2.2.jar;C:\Users\DELL-ACIXOM-2\.m2\repository\org\springframework\spring-core\5.3.29\spring-core-5.3.29.jar;C:\Users\DELL-ACIXOM-2\.m2\repository\org\springframework\spring-jcl\5.3.29\spring-jcl-5.3.29.jar;C:\Users\DELL-ACIXOM-2\.m2\repository\org\springframework\boot\spring-boot-starter-security\2.7.14\spring-boot-starter-security-2.7.14.jar;C:\Users\DELL-ACIXOM-2\.m2\repository\org\springframework\spring-aop\5.3.29\spring-aop-5.3.29.jar;C:\Users\DELL-ACIXOM-2\.m2\repository\org\springframework\security\spring-security-config\5.7.10\spring-security-config-5.7.10.jar;C:\Users\DELL-ACIXOM-2\.m2\repository\org\springframework\security\spring-security-core\5.7.10\spring-security-core-5.7.10.jar;C:\Users\DELL-ACIXOM-2\.m2\repository\org\springframework\security\spring-security-crypto\5.7.10\spring-security-crypto-5.7.10.jar;C:\Users\DELL-ACIXOM-2\.m2\repository\org\springframework\security\spring-security-web\5.7.10\spring-security-web-5.7.10.jar;C:\Users\DELL-ACIXOM-2\.m2\repository\io\jsonwebtoken\jjwt\0.9.1\jjwt-0.9.1.jar;C:\Users\DELL-ACIXOM-2\.m2\repository\com\fasterxml\jackson\core\jackson-databind\2.13.5\jackson-databind-2.13.5.jar;C:\Users\DELL-ACIXOM-2\.m2\repository\com\fasterxml\jackson\core\jackson-annotations\2.13.5\jackson-annotations-2.13.5.jar;C:\Users\DELL-ACIXOM-2\.m2\repository\com\fasterxml\jackson\core\jackson-core\2.13.5\jackson-core-2.13.5.jar
Launcher Type: SUN_STANDARD

[Global flags]
     intx CICompilerCount                          = 4                                         {product} {ergonomic}
     uint ConcGCThreads                            = 2                                         {product} {ergonomic}
     uint G1ConcRefinementThreads                  = 8                                         {product} {ergonomic}
   size_t G1HeapRegionSize                         = 1048576                                   {product} {ergonomic}
    uintx GCDrainStackTargetSize                   = 64                                        {product} {ergonomic}
   size_t InitialHeapSize                          = 130023424                                 {product} {ergonomic}
   size_t MarkStackSize                            = 4194304                                   {product} {ergonomic}
   size_t MaxHeapSize                              = 2078277632                                {product} {ergonomic}
   size_t MaxNewSize                               = 1246756864                                {product} {ergonomic}
   size_t MinHeapDeltaBytes                        = 1048576                                   {product} {ergonomic}
   size_t MinHeapSize                              = 8388608                                   {product} {ergonomic}
    uintx NonNMethodCodeHeapSize                   = 5839372                                {pd product} {ergonomic}
    uintx NonProfiledCodeHeapSize                  = 122909434                              {pd product} {ergonomic}
    uintx ProfiledCodeHeapSize                     = 122909434                              {pd product} {ergonomic}
    uintx ReservedCodeCacheSize                    = 251658240                              {pd product} {ergonomic}
     bool SegmentedCodeCache                       = true                                      {product} {ergonomic}
   size_t SoftMaxHeapSize                          = 2078277632                             {manageable} {ergonomic}
     bool UseCompressedClassPointers               = true                           {product lp64_product} {ergonomic}
     bool UseCompressedOops                        = true                           {product lp64_product} {ergonomic}
     bool UseG1GC                                  = true                                      {product} {ergonomic}
     bool UseLargePagesIndividualAllocation        = false                                  {pd product} {ergonomic}

Logging:
Log output configuration:
 #0: stdout all=warning uptime,level,tags foldmultilines=false
 #1: stderr all=off uptime,level,tags foldmultilines=false

Environment Variables:
PATH=C:\Program Files\Common Files\Oracle\Java\javapath;C:\WINDOWS\system32;C:\WINDOWS;C:\WINDOWS\System32\Wbem;C:\WINDOWS\System32\WindowsPowerShell\v1.0\;C:\WINDOWS\System32\OpenSSH\;C:\Program Files\dotnet\;C:\Program Files\PuTTY\;C:\Program Files\Maven\apache-maven-3.8.3\bin;C:\Program Files (x86)\Microsoft SQL Server\160\DTS\Binn\;C:\Program Files\Azure Data Studio\bin;C:\Program Files\nodejs\;C:\ProgramData\chocolatey\bin;C:\Program Files\PostgreSQL\16\bin;C:\Program Files\PostgreSQL\16\lib;C:\Program Files\Git\cmd;C:\Users\DELL-ACIXOM-2\AppData\Local\Programs\Python\Python312\Scripts\;C:\Users\DELL-ACIXOM-2\AppData\Local\Programs\Python\Python312\;C:\Users\DELL-ACIXOM-2\AppData\Local\Programs\Microsoft VS Code\bin;C:\Program Files\JetBrains\IntelliJ IDEA Community Edition 2024.1.4\bin;
USERNAME=akshay
OS=Windows_NT
PROCESSOR_IDENTIFIER=Intel64 Family 6 Model 140 Stepping 1, GenuineIntel
TMP=C:\Users\DELL-A~1\AppData\Local\Temp
TEMP=C:\Users\DELL-A~1\AppData\Local\Temp




---------------  S Y S T E M  ---------------

OS:
 Windows 11 , 64 bit Build 22621 (10.0.22621.3958)
OS uptime: 10 days 18:06 hours
Hyper-V role detected

CPU: total 8 (initial active 8) (4 cores per cpu, 2 threads per core) family 6 model 140 stepping 1 microcode 0xb4, cx8, cmov, fxsr, ht, mmx, 3dnowpref, sse, sse2, sse3, ssse3, sse4.1, sse4.2, popcnt, lzcnt, tsc, tscinvbit, avx, avx2, aes, erms, clmul, bmi1, bmi2, adx, avx512f, avx512dq, avx512cd, avx512bw, avx512vl, sha, fma, vzeroupper, avx512_vpopcntdq, avx512_vpclmulqdq, avx512_vaes, avx512_vnni, clflush, clflushopt, clwb, avx512_vbmi2, avx512_vbmi, hv, rdtscp, rdpid, fsrm, gfni, avx512_bitalg, f16c, cet_ibt, cet_ss, avx512_ifma

Memory: 4k page, system-wide physical 7926M (615M free)
TotalPageFile size 32502M (AvailPageFile size 0M)
current process WorkingSet (physical memory assigned to process): 30M, peak: 241M
current process commit charge ("private bytes"): 249M, peak: 280M

vm_info: OpenJDK 64-Bit Server VM (20.0.2+9-78) for windows-amd64 JRE (20.0.2+9-78), built on 2023-06-14T10:08:48Z by "mach5one" with MS VC++ 17.1 (VS2022)

END.
